d:\git\projetsfml\projetsfml\projetsfml\debug\vc142.pdb
d:\git\projetsfml\projetsfml\projetsfml\debug\vc142.idb
d:\git\projetsfml\projetsfml\projetsfml\debug\source.obj
d:\git\projetsfml\projetsfml\projetsfml\debug\scene.obj
d:\git\projetsfml\projetsfml\projetsfml\debug\map.obj
d:\git\projetsfml\projetsfml\projetsfml\debug\player.obj
d:\git\projetsfml\projetsfml\projetsfml\debug\gameobject.obj
d:\git\projetsfml\projetsfml\projetsfml\debug\gamemaster.obj
d:\git\projetsfml\projetsfml\projetsfml\debug\oneway.obj
d:\git\projetsfml\projetsfml\projetsfml\debug\mur.obj
d:\git\projetsfml\projetsfml\projetsfml\debug\mobileentity.obj
d:\git\projetsfml\projetsfml\projetsfml\debug\gameentity.obj
d:\git\projetsfml\projetsfml\projetsfml\debug\focusableelement.obj
d:\git\projetsfml\projetsfml\projetsfml\debug\spike.obj
d:\git\projetsfml\projetsfml\projetsfml\debug\mobilegameplayelement.obj
d:\git\projetsfml\projetsfml\projetsfml\debug\paintableelement.obj
d:\git\projetsfml\projetsfml\projetsfml\debug\switch.obj
d:\git\projetsfml\projetsfml\projetsfml\debug\bouteille.obj
d:\git\projetsfml\projetsfml\projetsfml\debug\rocher.obj
d:\git\projetsfml\projetsfml\debug\projetsfml.exe
d:\git\projetsfml\projetsfml\debug\projetsfml.ilk
d:\git\projetsfml\projetsfml\debug\projetsfml.pdb
d:\git\projetsfml\projetsfml\projetsfml\debug\vcpkg.applocal.log
d:\git\projetsfml\projetsfml\debug\sfml-graphics-d-2.dll
d:\git\projetsfml\projetsfml\debug\sfml-window-d-2.dll
d:\git\projetsfml\projetsfml\debug\sfml-system-d-2.dll
d:\git\projetsfml\projetsfml\debug\freetyped.dll
d:\git\projetsfml\projetsfml\debug\zlibd1.dll
d:\git\projetsfml\projetsfml\debug\bz2d.dll
d:\git\projetsfml\projetsfml\debug\libpng16d.dll
d:\git\projetsfml\projetsfml\projetsfml\debug\gamemaster.obj.enc
d:\git\projetsfml\projetsfml\projetsfml\debug\scene.new.obj.enc
d:\git\projetsfml\projetsfml\projetsfml\debug\source.new.obj.enc
d:\git\projetsfml\projetsfml\projetsfml\debug\projetsfml.tlog\cl.command.1.tlog
d:\git\projetsfml\projetsfml\projetsfml\debug\projetsfml.tlog\cl.read.1.tlog
d:\git\projetsfml\projetsfml\projetsfml\debug\projetsfml.tlog\cl.write.1.tlog
d:\git\projetsfml\projetsfml\projetsfml\debug\projetsfml.tlog\link.command.1.tlog
d:\git\projetsfml\projetsfml\projetsfml\debug\projetsfml.tlog\link.read.1.tlog
d:\git\projetsfml\projetsfml\projetsfml\debug\projetsfml.tlog\link.write.1.tlog
d:\git\projetsfml\projetsfml\projetsfml\debug\projetsfml.tlog\projetsfml.write.1u.tlog
