  Block.cpp
D:\GIT\projetSFML\ProjetSFML\ProjetSFML\Block.cpp(35,1): warning C4305: 'argument': truncation from 'int' to 'bool'
D:\GIT\projetSFML\ProjetSFML\ProjetSFML\Block.cpp(55,1): warning C4305: 'argument': truncation from 'int' to 'bool'
  GameMaster.cpp
D:\GIT\projetSFML\ProjetSFML\ProjetSFML\Block.cpp(65,1): warning C4305: 'argument': truncation from 'int' to 'bool'
D:\GIT\projetSFML\ProjetSFML\ProjetSFML\GameMaster.cpp(57,20): warning C4018: '<': signed/unsigned mismatch
  GameObject.cpp
D:\GIT\projetSFML\ProjetSFML\ProjetSFML\GameMaster.cpp(71,8): warning C4018: '>=': signed/unsigned mismatch
D:\GIT\projetSFML\ProjetSFML\ProjetSFML\GameObject.cpp(128,19): warning C4244: '=': conversion from 'int' to 'T', possible loss of data
D:\GIT\projetSFML\ProjetSFML\ProjetSFML\GameObject.cpp(128,19): warning C4244:         with
D:\GIT\projetSFML\ProjetSFML\ProjetSFML\GameObject.cpp(128,19): warning C4244:         [
D:\GIT\projetSFML\ProjetSFML\ProjetSFML\GameObject.cpp(128,19): warning C4244:             T=float
D:\GIT\projetSFML\ProjetSFML\ProjetSFML\GameObject.cpp(128,19): warning C4244:         ]
D:\GIT\projetSFML\ProjetSFML\ProjetSFML\GameObject.cpp(132,19): warning C4244: '=': conversion from 'int' to 'T', possible loss of data
D:\GIT\projetSFML\ProjetSFML\ProjetSFML\GameObject.cpp(132,19): warning C4244:         with
D:\GIT\projetSFML\ProjetSFML\ProjetSFML\GameObject.cpp(132,19): warning C4244:         [
D:\GIT\projetSFML\ProjetSFML\ProjetSFML\GameObject.cpp(132,19): warning C4244:             T=float
D:\GIT\projetSFML\ProjetSFML\ProjetSFML\GameObject.cpp(132,19): warning C4244:         ]
D:\GIT\projetSFML\ProjetSFML\ProjetSFML\GameObject.cpp(135,18): warning C4244: '=': conversion from 'int' to 'T', possible loss of data
D:\GIT\projetSFML\ProjetSFML\ProjetSFML\GameObject.cpp(135,18): warning C4244:         with
D:\GIT\projetSFML\ProjetSFML\ProjetSFML\GameObject.cpp(135,18): warning C4244:         [
D:\GIT\projetSFML\ProjetSFML\ProjetSFML\GameObject.cpp(135,18): warning C4244:             T=float
D:\GIT\projetSFML\ProjetSFML\ProjetSFML\GameObject.cpp(135,18): warning C4244:         ]
D:\GIT\projetSFML\ProjetSFML\ProjetSFML\GameObject.cpp(139,18): warning C4244: '=': conversion from 'int' to 'T', possible loss of data
D:\GIT\projetSFML\ProjetSFML\ProjetSFML\GameObject.cpp(139,18): warning C4244:         with
D:\GIT\projetSFML\ProjetSFML\ProjetSFML\GameObject.cpp(139,18): warning C4244:         [
D:\GIT\projetSFML\ProjetSFML\ProjetSFML\GameObject.cpp(139,18): warning C4244:             T=float
D:\GIT\projetSFML\ProjetSFML\ProjetSFML\GameObject.cpp(139,18): warning C4244:         ]
D:\GIT\projetSFML\ProjetSFML\ProjetSFML\GameObject.cpp(153,19): warning C4244: '=': conversion from 'int' to 'T', possible loss of data
D:\GIT\projetSFML\ProjetSFML\ProjetSFML\GameObject.cpp(153,19): warning C4244:         with
D:\GIT\projetSFML\ProjetSFML\ProjetSFML\GameObject.cpp(153,19): warning C4244:         [
D:\GIT\projetSFML\ProjetSFML\ProjetSFML\GameObject.cpp(153,19): warning C4244:             T=float
D:\GIT\projetSFML\ProjetSFML\ProjetSFML\GameObject.cpp(153,19): warning C4244:         ]
D:\GIT\projetSFML\ProjetSFML\ProjetSFML\GameObject.cpp(157,19): warning C4244: '=': conversion from 'int' to 'T', possible loss of data
D:\GIT\projetSFML\ProjetSFML\ProjetSFML\GameObject.cpp(157,19): warning C4244:         with
D:\GIT\projetSFML\ProjetSFML\ProjetSFML\GameObject.cpp(157,19): warning C4244:         [
D:\GIT\projetSFML\ProjetSFML\ProjetSFML\GameObject.cpp(157,19): warning C4244:             T=float
D:\GIT\projetSFML\ProjetSFML\ProjetSFML\GameObject.cpp(157,19): warning C4244:         ]
D:\GIT\projetSFML\ProjetSFML\ProjetSFML\GameObject.cpp(161,18): warning C4244: '=': conversion from 'int' to 'T', possible loss of data
D:\GIT\projetSFML\ProjetSFML\ProjetSFML\GameObject.cpp(161,18): warning C4244:         with
D:\GIT\projetSFML\ProjetSFML\ProjetSFML\GameObject.cpp(161,18): warning C4244:         [
D:\GIT\projetSFML\ProjetSFML\ProjetSFML\GameObject.cpp(161,18): warning C4244:             T=float
D:\GIT\projetSFML\ProjetSFML\ProjetSFML\GameObject.cpp(161,18): warning C4244:         ]
  Map.cpp
  MobileGameplayElement.cpp
D:\GIT\projetSFML\ProjetSFML\ProjetSFML\GameObject.cpp(165,18): warning C4244: '=': conversion from 'int' to 'T', possible loss of data
D:\GIT\projetSFML\ProjetSFML\ProjetSFML\GameObject.cpp(165,18): warning C4244:         with
D:\GIT\projetSFML\ProjetSFML\ProjetSFML\GameObject.cpp(165,18): warning C4244:         [
D:\GIT\projetSFML\ProjetSFML\ProjetSFML\GameObject.cpp(165,18): warning C4244:             T=float
D:\GIT\projetSFML\ProjetSFML\ProjetSFML\GameObject.cpp(165,18): warning C4244:         ]
D:\GIT\projetSFML\ProjetSFML\ProjetSFML\MobileGameplayElement.cpp(211,24): warning C4018: '<': signed/unsigned mismatch
D:\GIT\projetSFML\ProjetSFML\ProjetSFML\MobileGameplayElement.cpp(317,22): warning C4244: '+=': conversion from 'double' to 'T', possible loss of data
D:\GIT\projetSFML\ProjetSFML\ProjetSFML\MobileGameplayElement.cpp(317,22): warning C4244:         with
D:\GIT\projetSFML\ProjetSFML\ProjetSFML\MobileGameplayElement.cpp(317,22): warning C4244:         [
D:\GIT\projetSFML\ProjetSFML\ProjetSFML\MobileGameplayElement.cpp(317,22): warning C4244:             T=float
D:\GIT\projetSFML\ProjetSFML\ProjetSFML\MobileGameplayElement.cpp(317,22): warning C4244:         ]
D:\GIT\projetSFML\ProjetSFML\ProjetSFML\MobileGameplayElement.cpp(324,76): warning C4244: 'argument': conversion from 'double' to 'float', possible loss of data
D:\GIT\projetSFML\ProjetSFML\ProjetSFML\MobileGameplayElement.cpp(324,36): warning C4244: 'argument': conversion from 'double' to 'float', possible loss of data
D:\GIT\projetSFML\ProjetSFML\ProjetSFML\MobileGameplayElement.cpp(370,31): warning C4305: '-=': truncation from 'double' to 'T'
D:\GIT\projetSFML\ProjetSFML\ProjetSFML\MobileGameplayElement.cpp(370,31): warning C4305:         with
D:\GIT\projetSFML\ProjetSFML\ProjetSFML\MobileGameplayElement.cpp(370,31): warning C4305:         [
D:\GIT\projetSFML\ProjetSFML\ProjetSFML\MobileGameplayElement.cpp(370,31): warning C4305:             T=float
D:\GIT\projetSFML\ProjetSFML\ProjetSFML\MobileGameplayElement.cpp(370,31): warning C4305:         ]
D:\GIT\projetSFML\ProjetSFML\ProjetSFML\MobileGameplayElement.cpp(376,83): warning C4244: 'argument': conversion from 'double' to 'float', possible loss of data
  Player.cpp
D:\GIT\projetSFML\ProjetSFML\ProjetSFML\MobileGameplayElement.cpp(376,39): warning C4244: 'argument': conversion from 'double' to 'float', possible loss of data
  Rocher.cpp
  Scene.cpp
D:\GIT\projetSFML\ProjetSFML\ProjetSFML\Player.cpp(62,48): warning C4101: 'LocalDelta': unreferenced local variable
D:\GIT\projetSFML\ProjetSFML\ProjetSFML\Scene.cpp(81,20): warning C4018: '<': signed/unsigned mismatch
D:\GIT\projetSFML\ProjetSFML\ProjetSFML\Scene.cpp(83,21): warning C4018: '<': signed/unsigned mismatch
D:\GIT\projetSFML\ProjetSFML\ProjetSFML\Scene.cpp(99,22): warning C4018: '<': signed/unsigned mismatch
D:\GIT\projetSFML\ProjetSFML\ProjetSFML\Scene.cpp(125,23): warning C4018: '>=': signed/unsigned mismatch
D:\GIT\projetSFML\ProjetSFML\ProjetSFML\Scene.cpp(132,20): warning C4018: '<': signed/unsigned mismatch
D:\GIT\projetSFML\ProjetSFML\ProjetSFML\Scene.cpp(279,19): warning C4018: '<': signed/unsigned mismatch
D:\GIT\projetSFML\ProjetSFML\ProjetSFML\Scene.cpp(279,90): warning C4018: '<': signed/unsigned mismatch
D:\GIT\projetSFML\ProjetSFML\ProjetSFML\Scene.cpp(492,20): warning C4018: '<': signed/unsigned mismatch
D:\GIT\projetSFML\ProjetSFML\ProjetSFML\Scene.cpp(497,20): warning C4018: '<': signed/unsigned mismatch
D:\GIT\projetSFML\ProjetSFML\ProjetSFML\Scene.cpp(502,20): warning C4018: '<': signed/unsigned mismatch
D:\GIT\projetSFML\ProjetSFML\ProjetSFML\Scene.cpp(507,20): warning C4018: '<': signed/unsigned mismatch
D:\GIT\projetSFML\ProjetSFML\ProjetSFML\Scene.cpp(512,20): warning C4018: '<': signed/unsigned mismatch
D:\GIT\projetSFML\ProjetSFML\ProjetSFML\Scene.cpp(517,20): warning C4018: '<': signed/unsigned mismatch
D:\GIT\projetSFML\ProjetSFML\ProjetSFML\Scene.cpp(600,21): warning C4018: '<': signed/unsigned mismatch
D:\GIT\projetSFML\ProjetSFML\ProjetSFML\Scene.cpp(610,20): warning C4018: '<': signed/unsigned mismatch
D:\GIT\projetSFML\ProjetSFML\ProjetSFML\Scene.cpp(618,20): warning C4018: '<': signed/unsigned mismatch
D:\GIT\projetSFML\ProjetSFML\ProjetSFML\Scene.cpp(629,20): warning C4018: '<': signed/unsigned mismatch
D:\GIT\projetSFML\ProjetSFML\ProjetSFML\Scene.cpp(639,20): warning C4018: '<': signed/unsigned mismatch
D:\GIT\projetSFML\ProjetSFML\ProjetSFML\Scene.cpp(688,20): warning C4018: '<': signed/unsigned mismatch
D:\GIT\projetSFML\ProjetSFML\ProjetSFML\Scene.cpp(807,21): warning C4018: '<': signed/unsigned mismatch
D:\GIT\projetSFML\ProjetSFML\ProjetSFML\Scene.cpp(817,20): warning C4018: '<': signed/unsigned mismatch
D:\GIT\projetSFML\ProjetSFML\ProjetSFML\Scene.cpp(825,20): warning C4018: '<': signed/unsigned mismatch
D:\GIT\projetSFML\ProjetSFML\ProjetSFML\Scene.cpp(836,20): warning C4018: '<': signed/unsigned mismatch
D:\GIT\projetSFML\ProjetSFML\ProjetSFML\Scene.cpp(846,20): warning C4018: '<': signed/unsigned mismatch
D:\GIT\projetSFML\ProjetSFML\ProjetSFML\Scene.cpp(895,20): warning C4018: '<': signed/unsigned mismatch
D:\GIT\projetSFML\ProjetSFML\ProjetSFML\Scene.cpp(985,23): warning C4018: '<': signed/unsigned mismatch
D:\GIT\projetSFML\ProjetSFML\ProjetSFML\Scene.cpp(1025,25): warning C4018: '<': signed/unsigned mismatch
D:\GIT\projetSFML\ProjetSFML\ProjetSFML\Scene.cpp(1046,24): warning C4018: '<': signed/unsigned mismatch
D:\GIT\projetSFML\ProjetSFML\ProjetSFML\Scene.cpp(1125,20): warning C4018: '<': signed/unsigned mismatch
  Source.cpp
  Switch.cpp
D:\GIT\projetSFML\ProjetSFML\ProjetSFML\Scene.cpp(1221,20): warning C4018: '<': signed/unsigned mismatch
  Generating Code...
D:\GIT\projetSFML\ProjetSFML\ProjetSFML\Switch.cpp(16,20): warning C4018: '<': signed/unsigned mismatch
  ProjetSFML.vcxproj -> D:\GIT\projetSFML\ProjetSFML\Debug\ProjetSFML.exe
