d:\git\projetsfml\projetsfml\projetsfml\x64\debug\vc142.pdb
d:\git\projetsfml\projetsfml\projetsfml\x64\debug\vc142.idb
d:\git\projetsfml\projetsfml\projetsfml\x64\debug\source.obj
d:\git\projetsfml\projetsfml\projetsfml\x64\debug\oneway.obj
d:\git\projetsfml\projetsfml\projetsfml\x64\debug\mur.obj
d:\git\projetsfml\projetsfml\projetsfml\x64\debug\mobileentity.obj
d:\git\projetsfml\projetsfml\projetsfml\x64\debug\gameobject.obj
d:\git\projetsfml\projetsfml\projetsfml\x64\debug\gamemaster.obj
d:\git\projetsfml\projetsfml\projetsfml\x64\debug\gameentity.obj
d:\git\projetsfml\projetsfml\projetsfml\x64\debug\focusableelement.obj
d:\git\projetsfml\projetsfml\projetsfml\x64\debug\scene.obj
d:\git\projetsfml\projetsfml\projetsfml\x64\debug\map.obj
d:\git\projetsfml\projetsfml\projetsfml\x64\debug\player.obj
d:\git\projetsfml\projetsfml\x64\debug\projetsfml.pdb
d:\git\projetsfml\projetsfml\projetsfml\x64\debug\projetsfml.tlog\cl.command.1.tlog
d:\git\projetsfml\projetsfml\projetsfml\x64\debug\projetsfml.tlog\cl.read.1.tlog
d:\git\projetsfml\projetsfml\projetsfml\x64\debug\projetsfml.tlog\cl.write.1.tlog
d:\git\projetsfml\projetsfml\projetsfml\x64\debug\projetsfml.tlog\link-cvtres.read.1.tlog
d:\git\projetsfml\projetsfml\projetsfml\x64\debug\projetsfml.tlog\link-cvtres.write.1.tlog
d:\git\projetsfml\projetsfml\projetsfml\x64\debug\projetsfml.tlog\link-rc.read.1.tlog
d:\git\projetsfml\projetsfml\projetsfml\x64\debug\projetsfml.tlog\link-rc.write.1.tlog
d:\git\projetsfml\projetsfml\projetsfml\x64\debug\projetsfml.tlog\link.command.1.tlog
d:\git\projetsfml\projetsfml\projetsfml\x64\debug\projetsfml.tlog\link.read.1.tlog
d:\git\projetsfml\projetsfml\projetsfml\x64\debug\projetsfml.tlog\link.write.1.tlog
